<?xml version="1.0" encoding="UTF-8"?>
<!-- Generated by org.testng.reporters.JUnitReportReporter -->
<testsuite hostname="Testing003-PC" name="com.testScripts.Staff_Login_Test" tests="1" failures="0" timestamp="8 May 2017 04:47:08 GMT" time="4.010" errors="0">
  <testcase name="SL_11_Verify_Login_Valid_Username_Valid_Password" time="4.010" classname="com.testScripts.Staff_Login_Test"/>
</testsuite> <!-- com.testScripts.Staff_Login_Test -->
