<?xml version="1.0" encoding="UTF-8"?>
<!-- Generated by org.testng.reporters.JUnitReportReporter -->
<testsuite hostname="Testing003-PC" name="com.testScripts.Bill_Settlement_Test" tests="55" failures="0" timestamp="8 May 2017 04:47:08 GMT" time="265.761" errors="0">
  <testcase name="BS_87_Verify_Cheque_Payee_with_Blank_Invalid" time="4.026" classname="com.testScripts.Bill_Settlement_Test"/>
  <testcase name="BS_100_Verify_Cheque_Date_with_Morethan_SystemDate" time="4.009" classname="com.testScripts.Bill_Settlement_Test"/>
  <testcase name="BS_68_Verify_PaymentMode_Cheque_Option" time="6.010" classname="com.testScripts.Bill_Settlement_Test"/>
  <testcase name="BS_71_Verify_BankName_with_Blank_Invalid" time="4.007" classname="com.testScripts.Bill_Settlement_Test"/>
  <testcase name="BS_77_Verify_Cheque_Number_with_Blank_Invalid" time="4.009" classname="com.testScripts.Bill_Settlement_Test"/>
  <testcase name="BS_85_Verify_Cheque_Payee_with_Maximum_20_Char_Valid" time="4.009" classname="com.testScripts.Bill_Settlement_Test"/>
  <testcase name="BS_62_Verify_Credit_Card_Number_with_below_4_digits_Invalid" time="4.003" classname="com.testScripts.Bill_Settlement_Test"/>
  <testcase name="BS_83_Verify_Cheque_Payee_with_Minimum_3_Char_Valid" time="4.012" classname="com.testScripts.Bill_Settlement_Test"/>
  <testcase name="BS_225_Verify_Name_on_CreditCard_With_InValid_Numeric" time="4.021" classname="com.testScripts.Bill_Settlement_Test"/>
  <testcase name="BS_227_Verify_Credit_Card_Number_with_Alphanumeric_Invalid" time="4.021" classname="com.testScripts.Bill_Settlement_Test"/>
  <testcase name="BS_84_Verify_Cheque_Payee_with_Lessthan_3_Char_Invalid" time="4.028" classname="com.testScripts.Bill_Settlement_Test"/>
  <testcase name="BS_79_Verify_Cheque_Number_with_Lessthan_6_Digits_Invalid" time="4.010" classname="com.testScripts.Bill_Settlement_Test"/>
  <testcase name="BS_229_Verify_BankName_with_Numeric_Invalid" time="3.996" classname="com.testScripts.Bill_Settlement_Test"/>
  <testcase name="BS_232_Verify_Cheque_Number_with_AlphaNumeric_Invalid" time="4.023" classname="com.testScripts.Bill_Settlement_Test"/>
  <testcase name="BS_55_Verify_Name_on_Credit_Card_Textbox_with_Maximum_30_Char_Valid" time="4.010" classname="com.testScripts.Bill_Settlement_Test"/>
  <testcase name="BS_67_Verify_Amount_with_Morethan_NetAmount" time="4.014" classname="com.testScripts.Bill_Settlement_Test"/>
  <testcase name="BS_66_Verify_Amount_Lessthan_or_Equal_to_NetAmount" time="4.009" classname="com.testScripts.Bill_Settlement_Test"/>
  <testcase name="BS_64_Verify_Credit_Card_Type_Dropdown_Valid" time="4.002" classname="com.testScripts.Bill_Settlement_Test"/>
  <testcase name="BS_81_Verify_Cheque_Payee_with_Alphabets_Valid" time="4.033" classname="com.testScripts.Bill_Settlement_Test"/>
  <testcase name="BS_233_Verify_BankName_with_below_3_Char_Invalid" time="4.014" classname="com.testScripts.Bill_Settlement_Test"/>
  <testcase name="BS_75_Verify_Cheque_Number_with_Numeric_Valid" time="4.002" classname="com.testScripts.Bill_Settlement_Test"/>
  <testcase name="BS_52_Verify_Name_on_CreditCard_With_InValid_Alphanumeric" time="20.475" classname="com.testScripts.Bill_Settlement_Test"/>
  <testcase name="BS_234_Verify_Cheque_Payee_with_AlphaNumeric_Invalid" time="4.019" classname="com.testScripts.Bill_Settlement_Test"/>
  <testcase name="BS_63_Verify_Default_Option_At_Credit_Card_Type_Dropdown" time="4.003" classname="com.testScripts.Bill_Settlement_Test"/>
  <testcase name="BS_70_Verify_BankName_with_SplChar_Invalid" time="4.006" classname="com.testScripts.Bill_Settlement_Test"/>
  <testcase name="BS_104_Verify_Cheque_Date_Blank_Invalid" time="4.005" classname="com.testScripts.Bill_Settlement_Test"/>
  <testcase name="BS_226_Verify_Name_on_CreditCard_with_below_6_Characters_Invalid" time="4.015" classname="com.testScripts.Bill_Settlement_Test"/>
  <testcase name="BS_58_Verify_Credit_Card_Number_with_SpecialChar_Invalid" time="4.004" classname="com.testScripts.Bill_Settlement_Test"/>
  <testcase name="BS_76_Verify_Cheque_Number_with_Spl_Char_Invalid" time="4.009" classname="com.testScripts.Bill_Settlement_Test"/>
  <testcase name="BS_99_Verify_Cheque_Date_format" time="4.000" classname="com.testScripts.Bill_Settlement_Test"/>
  <testcase name="BS_59_Verify_Credit_Card_Number_with_Blank_Invalid" time="4.011" classname="com.testScripts.Bill_Settlement_Test"/>
  <testcase name="BS_53_Verify_Name_on_CreditCard_Without_Entering_Name" time="4.011" classname="com.testScripts.Bill_Settlement_Test"/>
  <testcase name="BS_60_Verify_CreditCard_Number_with_4_Digits_Valid" time="4.014" classname="com.testScripts.Bill_Settlement_Test"/>
  <testcase name="BS_228_Verify_Credit_Card_Number_with_Alphabets_Invalid" time="4.005" classname="com.testScripts.Bill_Settlement_Test"/>
  <testcase name="BS_103_Verify_Amount_Morethan_NetAmount_Invalid" time="4.024" classname="com.testScripts.Bill_Settlement_Test"/>
  <testcase name="BS_65_Verify_Credit_Card_Type_with_Blank_Invalid" time="4.029" classname="com.testScripts.Bill_Settlement_Test"/>
  <testcase name="BS_102_Verify_Amount_Lessthan_or_Equal_to_NetAmount" time="4.011" classname="com.testScripts.Bill_Settlement_Test"/>
  <testcase name="BS_235_Verify_Cheque_Payee_with_Numeric_Invalid" time="4.010" classname="com.testScripts.Bill_Settlement_Test"/>
  <testcase name="BS_51_Verify_Name_on_CreditCard_With_Valid_Alphabets" time="30.501" classname="com.testScripts.Bill_Settlement_Test"/>
  <testcase name="BS_69_Verify_BankName_with_Alphabets_Valid" time="4.006" classname="com.testScripts.Bill_Settlement_Test"/>
  <testcase name="BS_80_Verify_Cheque_Number_with_Morethan_6_Digits_Invalid" time="4.005" classname="com.testScripts.Bill_Settlement_Test"/>
  <testcase name="BS_57_Verify_CreditCard_Number_with_Numeric_Valid" time="4.008" classname="com.testScripts.Bill_Settlement_Test"/>
  <testcase name="BS_86_Verify_Cheque_Payee_with_Morethan_20_Char_Invalid" time="4.025" classname="com.testScripts.Bill_Settlement_Test"/>
  <testcase name="BS_231_Verify_Cheque_Number_with_Alphabets_Invalid" time="4.006" classname="com.testScripts.Bill_Settlement_Test"/>
  <testcase name="BS_74_Verify_BankName_with_Morethan_15_Char_Invalid" time="4.007" classname="com.testScripts.Bill_Settlement_Test"/>
  <testcase name="BS_224_Verify_Name_on_CreditCard_With_InValid_SpecialCharacters" time="4.011" classname="com.testScripts.Bill_Settlement_Test"/>
  <testcase name="BS_72_Verify_BankName_with_Minimum_3_Char_Valid" time="4.095" classname="com.testScripts.Bill_Settlement_Test"/>
  <testcase name="BS_101_Verify_Cheque_Date_with_Lessthan_SystemDate" time="4.008" classname="com.testScripts.Bill_Settlement_Test"/>
  <testcase name="BS_61_Verify_Credit_Card_Number_with_Morethan_4_digits_Invalid" time="4.027" classname="com.testScripts.Bill_Settlement_Test"/>
  <testcase name="BS_230_Verify_BankName_with_AlphaNumeric_Invalid" time="4.006" classname="com.testScripts.Bill_Settlement_Test"/>
  <testcase name="BS_56_Verify_Name_on_CreditCard_with_Morethan_30_Char_Invalid" time="4.013" classname="com.testScripts.Bill_Settlement_Test"/>
  <testcase name="BS_78_Verify_Cheque_Number_with_Minimum_6_Digits_Valid" time="4.029" classname="com.testScripts.Bill_Settlement_Test"/>
  <testcase name="BS_54_Verify_Name_on_Credit_Card_Textbox_with_Minimum_6_Char_Valid" time="4.013" classname="com.testScripts.Bill_Settlement_Test"/>
  <testcase name="BS_73_Verify_BankName_with_Maximum_15_Char_Valid" time="4.061" classname="com.testScripts.Bill_Settlement_Test"/>
  <testcase name="BS_82_Verify_Cheque_Payee_with_Spl_Char_Invalid" time="4.021" classname="com.testScripts.Bill_Settlement_Test"/>
</testsuite> <!-- com.testScripts.Bill_Settlement_Test -->
