<?xml version="1.0" encoding="UTF-8"?>
<!-- Generated by org.testng.reporters.JUnitReportReporter -->
<testsuite hostname="Testing003-PC" name="com.leonia.AppTest" tests="1" failures="0" timestamp="8 May 2017 04:47:08 GMT" time="0.001" errors="0">
  <testcase name="testApp" time="0.001" classname="com.leonia.AppTest"/>
</testsuite> <!-- com.leonia.AppTest -->
