<?xml version="1.0" encoding="UTF-8"?>
<!-- Generated by org.testng.reporters.JUnitReportReporter -->
<testsuite hostname="Testing003-PC" name="com.testScripts.Staff_Login_Test" tests="2" failures="0" timestamp="29 Apr 2017 10:43:31 GMT" time="12.299" errors="0">
  <testcase name="SL_11_Verify_Login_Valid_Username_Valid_Password" time="9.075" classname="com.testScripts.Staff_Login_Test"/>
  <testcase name="SL_01_Verify_Staff_Login_Page" time="3.224" classname="com.testScripts.Staff_Login_Test"/>
</testsuite> <!-- com.testScripts.Staff_Login_Test -->
