<?xml version="1.0" encoding="UTF-8"?>
<!-- Generated by org.testng.reporters.JUnitReportReporter -->
<testsuite hostname="Testing003-PC" name="com.testScripts.HomePage_Test" tests="2" failures="0" timestamp="29 Apr 2017 10:43:31 GMT" time="9.374" errors="0">
  <testcase name="HP_04_Verify_StaffLoginPage" time="6.218" classname="com.testScripts.HomePage_Test"/>
  <testcase name="HP_01_Verify_HomePage" time="3.156" classname="com.testScripts.HomePage_Test"/>
</testsuite> <!-- com.testScripts.HomePage_Test -->
